# ==========================================================
# Blizzard / Battle.net
# ==========================================================

battle.net
blizzard.com

battle.net.cn

account.battle.net

oauth.battle.net

eu.actual.battle.net

us.actual.battle.net

kr.actual.battle.net

cdn.blizzard.com

download.battle.net

dist.blizzard.com

level3.blizzard.com

edgecast.blizzard.com

blzddist1-a.akamaihd.net

blzstatic-a.akamaihd.net

shop.battle.net

api.blizzard.com

develop.battle.net

support.blizzard.com

voice.blizzard.com
