# ==========================================================
# Electronic Arts
# ==========================================================

ea.com
eaassets-a.akamaihd.net

origin.com
origin-a.akamaihd.net

ea.com.edgekey.net
eaassets-a.akamaihd.net

accounts.ea.com
signin.ea.com

gateway.ea.com
api1.origin.com

download.dm.origin.com

cloudsync-prod.s3.amazonaws.com

gosredirector.ea.com

gos.ea.com

winter15.gosredirector.ea.com

pingserver.ea.com

live-services.ea.com

telemetry.ea.com

battlelog.com

help.ea.com

answers.ea.com

api.ea.com

sdk.ea.com

cdn.ea.com

static.ea.com

origin-a.akamaihd.net

ea-downloads.cdn
