# ==========================================================
# Embark Studios
# ARC Raiders / THE FINALS
# ==========================================================

# Основные сайты
embark-studios.com
embark.games

# Игры
arcraiders.com
reachthefinals.com

# Авторизация
id.embark.games
accounts.embark.games

# API
api.embark.games

# Matchmaking
matchmaking.embark.games

# Игровые сервисы
live.embark.games
session.embark.games
presence.embark.games

# CDN
cdn.embark.games
assets.embark.games

# Support
support.embark.games
