# ==========================================================
# Epic Games
# ==========================================================

# Основные сайты
epicgames.com
unrealengine.com

# Авторизация
accounts.epicgames.com
account-public-service-prod.ol.epicgames.com

# Launcher
launcher-public-service-prod06.ol.epicgames.com
launcher-website-prod07.ol.epicgames.com

# Matchmaking
fortnite-public-service-prod11.ol.epicgames.com
lightswitch-public-service-prod.ol.epicgames.com
friends-public-service-prod.ol.epicgames.com
presence-public-service-prod.ol.epicgames.com

# EOS (Epic Online Services)
epicgames.dev
eoshelp.epicgames.com
api.epicgames.dev

# CDN
cdn1.epicgames.com
download.epicgames.com
epicgames-download1.akamaized.net
fastly-download.epicgames.com

# Cloud
cloudstorage.epicgames.com

# Store
store.epicgames.com

# Easy Anti-Cheat
easy.ac
easyanticheat.net
download.eac-cdn.com
modules-cdn.eac-prod.on.epicgames.com
