# Sony / PlayStation

playstation.com
playstation.net
playstationnetwork.com
sonyentertainmentnetwork.com

psn.com

account.sony.com
auth.api.sonyentertainmentnetwork.com

store.playstation.com
store.api.playstation.com

web.np.playstation.com

api.playstation.com

ps5.update.playstation.net
update.playstation.net

remoteplay.dl.playstation.net

social.playstation.com

my.playstation.com

transact.playstation.com

wallets.playstation.com

trophy.playstation.com

commerce.api.playstation.com

sdk.np.playstation.net

gamepatch.playstation.net

voice.playstation.com
party.playstation.com

network.api.playstation.com

push.playstation.com
image.api.playstation.com
