# ==========================================================
# Rockstar Games
# ==========================================================

# Основные сайты
rockstargames.com
socialclub.rockstargames.com

# Авторизация
signin.rockstargames.com
auth.rockstargames.com

# API
api.rockstargames.com

# Launcher
launcher.rockstargames.com

# GTA Online
gta5.rockstargames.com

# Red Dead Online
reddeadonline.com

# Cloud
cloud.rockstargames.com

# CDN
cdn.rockstargames.com
media.rockstargames.com

# Support
support.rockstargames.com

# Voice / Presence
presence.rockstargames.com
