# ==========================================================
# Steam
# ==========================================================

steampowered.com
steamstatic.com
steamcommunity.com

steamcontent.com
steamcontent.net

steamserver.net

steam-chat.com

steamgames.com

steam-api.com

steamusercontent.com

steamcdn-a.akamaihd.net

steamcdn-a.akamai.net

cdn.cloudflare.steamstatic.com

media.steampowered.com

store.steampowered.com

partner.steamgames.com

help.steampowered.com

api.steampowered.com

cm.steampowered.com

cache.steampowered.com

steamloopback.host

steamdeck.com
