# Microsoft / Xbox

xboxlive.com
xbox.com
xboxservices.com
xboxab.com
xboxlive.cn

xboxliveauth.com
xsts.auth.xboxlive.com
user.auth.xboxlive.com
title.auth.xboxlive.com

xboxlive.net
xboxlivefamily.com

gamepass.com
gamepass.net

playfab.com
playfabapi.com

xboxevents.com

xvcf.xboxlive.com
presence-heartbeat.xboxlive.com

assets1.xboxlive.com
assets2.xboxlive.com

social.xboxlive.com
multiplayer.xboxlive.com
sessiondirectory.xboxlive.com

peoplehub.xboxlive.com
clubhub.xboxlive.com
userstats.xboxlive.com

achievement.xboxlive.com
leaderboards.xboxlive.com

voice.xboxlive.com

dlassets.xboxlive.com

edge.xboxlive.com

gamingservices.microsoft.com

gaming.xboxlive.com

microsoftcasualgames.com
